The system is: Windows - 10.0.19044 - AMD64
Compiling the C compiler identification source file "CMakeCCompilerId.c" succeeded.
Compiler: C:/Program Files (x86)/Microsoft Visual Studio/2019/Community/VC/Tools/MSVC/14.28.29910/bin/Hostx64/x64/cl.exe 
Build flags: 
Id flags:  

The output was:
0
Microsoft (R) C/C++ Optimizing Compiler Version 19.28.29913 for x64
Copyright (C) Microsoft Corporation.  著作權所有，並保留一切權利。

CMakeCCompilerId.c
Microsoft (R) Incremental Linker Version 14.28.29913.0
Copyright (C) Microsoft Corporation.  All rights reserved.

/out:CMakeCCompilerId.exe 
CMakeCCompilerId.obj 


Compilation of the C compiler identification source "CMakeCCompilerId.c" produced "CMakeCCompilerId.exe"

Compilation of the C compiler identification source "CMakeCCompilerId.c" produced "CMakeCCompilerId.obj"

The C compiler identification is MSVC, found in "C:/Users/USER/Desktop/TbLSM/out/build/x64-Debug/CMakeFiles/3.19.20122902-MSVC_2/CompilerIdC/CMakeCCompilerId.exe"

Compiling the CXX compiler identification source file "CMakeCXXCompilerId.cpp" succeeded.
Compiler: C:/Program Files (x86)/Microsoft Visual Studio/2019/Community/VC/Tools/MSVC/14.28.29910/bin/Hostx64/x64/cl.exe 
Build flags: 
Id flags:  

The output was:
0
Microsoft (R) C/C++ Optimizing Compiler Version 19.28.29913 for x64
Copyright (C) Microsoft Corporation.  著作權所有，並保留一切權利。

CMakeCXXCompilerId.cpp
Microsoft (R) Incremental Linker Version 14.28.29913.0
Copyright (C) Microsoft Corporation.  All rights reserved.

/out:CMakeCXXCompilerId.exe 
CMakeCXXCompilerId.obj 


Compilation of the CXX compiler identification source "CMakeCXXCompilerId.cpp" produced "CMakeCXXCompilerId.exe"

Compilation of the CXX compiler identification source "CMakeCXXCompilerId.cpp" produced "CMakeCXXCompilerId.obj"

The CXX compiler identification is MSVC, found in "C:/Users/USER/Desktop/TbLSM/out/build/x64-Debug/CMakeFiles/3.19.20122902-MSVC_2/CompilerIdCXX/CMakeCXXCompilerId.exe"

Detecting C compiler ABI info compiled with the following output:
Change Dir: C:/Users/USER/Desktop/TbLSM/out/build/x64-Debug/CMakeFiles/CMakeTmp

Run Build Command(s):C:/Program Files (x86)/Microsoft Visual Studio/2019/Community/Common7/IDE/CommonExtensions/Microsoft/CMake/Ninja/ninja.exe cmTC_2ddd1 && [1/2] Building C object CMakeFiles\cmTC_2ddd1.dir\CMakeCCompilerABI.c.obj
[2/2] Linking C executable cmTC_2ddd1.exe



Detecting CXX compiler ABI info compiled with the following output:
Change Dir: C:/Users/USER/Desktop/TbLSM/out/build/x64-Debug/CMakeFiles/CMakeTmp

Run Build Command(s):C:/Program Files (x86)/Microsoft Visual Studio/2019/Community/Common7/IDE/CommonExtensions/Microsoft/CMake/Ninja/ninja.exe cmTC_a7725 && [1/2] Building CXX object CMakeFiles\cmTC_a7725.dir\CMakeCXXCompilerABI.cpp.obj
[2/2] Linking CXX executable cmTC_a7725.exe



Determining if the include file sys/types.h exists passed with the following output:
Change Dir: C:/Users/USER/Desktop/TbLSM/out/build/x64-Debug/CMakeFiles/CMakeTmp

Run Build Command(s):C:/Program Files (x86)/Microsoft Visual Studio/2019/Community/Common7/IDE/CommonExtensions/Microsoft/CMake/Ninja/ninja.exe cmTC_6f682 && [1/2] Building C object CMakeFiles\cmTC_6f682.dir\CheckIncludeFile.c.obj
[2/2] Linking C executable cmTC_6f682.exe



Determining if the include file stdint.h exists passed with the following output:
Change Dir: C:/Users/USER/Desktop/TbLSM/out/build/x64-Debug/CMakeFiles/CMakeTmp

Run Build Command(s):C:/Program Files (x86)/Microsoft Visual Studio/2019/Community/Common7/IDE/CommonExtensions/Microsoft/CMake/Ninja/ninja.exe cmTC_28aa1 && [1/2] Building C object CMakeFiles\cmTC_28aa1.dir\CheckIncludeFile.c.obj
[2/2] Linking C executable cmTC_28aa1.exe



Determining if the include file stddef.h exists passed with the following output:
Change Dir: C:/Users/USER/Desktop/TbLSM/out/build/x64-Debug/CMakeFiles/CMakeTmp

Run Build Command(s):C:/Program Files (x86)/Microsoft Visual Studio/2019/Community/Common7/IDE/CommonExtensions/Microsoft/CMake/Ninja/ninja.exe cmTC_a4d39 && [1/2] Building C object CMakeFiles\cmTC_a4d39.dir\CheckIncludeFile.c.obj
[2/2] Linking C executable cmTC_a4d39.exe



Determining size of unsigned short passed with the following output:
Change Dir: C:/Users/USER/Desktop/TbLSM/out/build/x64-Debug/CMakeFiles/CMakeTmp

Run Build Command(s):C:/Program Files (x86)/Microsoft Visual Studio/2019/Community/Common7/IDE/CommonExtensions/Microsoft/CMake/Ninja/ninja.exe cmTC_ba9b9 && [1/2] Building C object CMakeFiles\cmTC_ba9b9.dir\CMAKE_SIZEOF_UNSIGNED_SHORT.c.obj
[2/2] Linking C executable cmTC_ba9b9.exe



Determining if the system is big endian passed with the following output:
Change Dir: C:/Users/USER/Desktop/TbLSM/out/build/x64-Debug/CMakeFiles/CMakeTmp

Run Build Command(s):C:/Program Files (x86)/Microsoft Visual Studio/2019/Community/Common7/IDE/CommonExtensions/Microsoft/CMake/Ninja/ninja.exe cmTC_23dbe && [1/2] Building C object CMakeFiles\cmTC_23dbe.dir\TestEndianess.c.obj
[2/2] Linking C executable cmTC_23dbe.exe


TestEndianess.c:
/* A 16 bit integer is required. */
typedef unsigned short cmakeint16;

/* On a little endian machine, these 16bit ints will give "THIS IS LITTLE ENDIAN."
   On a big endian machine the characters will be exchanged pairwise. */
const cmakeint16 info_little[] =  {0x4854, 0x5349, 0x4920, 0x2053, 0x494c, 0x5454, 0x454c, 0x4520, 0x444e, 0x4149, 0x2e4e, 0x0000};

/* on a big endian machine, these 16bit ints will give "THIS IS BIG ENDIAN."
   On a little endian machine the characters will be exchanged pairwise. */
const cmakeint16 info_big[] =     {0x5448, 0x4953, 0x2049, 0x5320, 0x4249, 0x4720, 0x454e, 0x4449, 0x414e, 0x2e2e, 0x0000};

#ifdef __CLASSIC_C__
int main(argc, argv) int argc; char *argv[];
#else
int main(int argc, char *argv[])
#endif
{
  int require = 0;
  require += info_little[argc];
  require += info_big[argc];
  (void)argv;
  return require;
}


Performing C++ SOURCE FILE Test HAVE_CXX17_HAS_INCLUDE succeeded with the following output:
Change Dir: C:/Users/USER/Desktop/TbLSM/out/build/x64-Debug/CMakeFiles/CMakeTmp

Run Build Command(s):C:/Program Files (x86)/Microsoft Visual Studio/2019/Community/Common7/IDE/CommonExtensions/Microsoft/CMake/Ninja/ninja.exe cmTC_9fc35 && [1/2] Building CXX object CMakeFiles\cmTC_9fc35.dir\src.cxx.obj
[2/2] Linking CXX executable cmTC_9fc35.exe


Source file was:

#if defined(__has_include) &&  __has_include(<string>)
#include <string>
#endif
int main() { std::string str; return 0; }

